<?xml version="1.0" encoding="UTF-8"?>
<testng-results skipped="0" failed="0" total="2" passed="2">
  <reporter-output>
  </reporter-output>
  <suite name="Suite1" duration-ms="18605" started-at="2018-01-07T08:39:15Z" finished-at="2018-01-07T08:39:33Z">
    <groups>
    </groups>
    <test name="Nopackage" duration-ms="18605" started-at="2018-01-07T08:39:15Z" finished-at="2018-01-07T08:39:33Z">
      <class name="sel.dice.selfw.selfwscratch.FirstClass">
        <test-method status="PASS" signature="firstTestMethod()[pri:0, instance:sel.dice.selfw.selfwscratch.FirstClass@6a5fc7f7]" name="firstTestMethod" duration-ms="12862" started-at="2018-01-07T14:09:15Z" finished-at="2018-01-07T14:09:27Z">
          <reporter-output>
          </reporter-output>
        </test-method> <!-- firstTestMethod -->
        <test-method status="PASS" signature="secondTestMethod()[pri:0, instance:sel.dice.selfw.selfwscratch.FirstClass@6a5fc7f7]" name="secondTestMethod" duration-ms="5732" started-at="2018-01-07T14:09:27Z" finished-at="2018-01-07T14:09:33Z">
          <reporter-output>
          </reporter-output>
        </test-method> <!-- secondTestMethod -->
      </class> <!-- sel.dice.selfw.selfwscratch.FirstClass -->
    </test> <!-- Nopackage -->
  </suite> <!-- Suite1 -->
</testng-results>
