<?xml version="1.0" encoding="UTF-8"?>
<testng-results skipped="0" failed="0" total="1" passed="1">
  <reporter-output>
  </reporter-output>
  <suite name="Default suite" duration-ms="15616" started-at="2018-05-26T18:42:16Z" finished-at="2018-05-26T18:42:31Z">
    <groups>
    </groups>
    <test name="Default test" duration-ms="15616" started-at="2018-05-26T18:42:16Z" finished-at="2018-05-26T18:42:31Z">
      <class name="sel.dice.selfw.selfwscratch.FirstClass">
        <test-method status="PASS" signature="methodSetUp()[pri:0, instance:sel.dice.selfw.selfwscratch.FirstClass@39aeed2f]" name="methodSetUp" is-config="true" duration-ms="4218" started-at="2018-05-27T00:12:16Z" finished-at="2018-05-27T00:12:20Z">
          <reporter-output>
          </reporter-output>
        </test-method> <!-- methodSetUp -->
        <test-method status="PASS" signature="firstTestMethod()[pri:0, instance:sel.dice.selfw.selfwscratch.FirstClass@39aeed2f]" name="firstTestMethod" duration-ms="11061" started-at="2018-05-27T00:12:20Z" finished-at="2018-05-27T00:12:31Z">
          <reporter-output>
          </reporter-output>
        </test-method> <!-- firstTestMethod -->
        <test-method status="PASS" signature="methodTearDown()[pri:0, instance:sel.dice.selfw.selfwscratch.FirstClass@39aeed2f]" name="methodTearDown" is-config="true" duration-ms="323" started-at="2018-05-27T00:12:31Z" finished-at="2018-05-27T00:12:31Z">
          <reporter-output>
          </reporter-output>
        </test-method> <!-- methodTearDown -->
      </class> <!-- sel.dice.selfw.selfwscratch.FirstClass -->
    </test> <!-- Default test -->
  </suite> <!-- Default suite -->
</testng-results>
